  FarmSolvers.cpp
C:\Users\.asind\source\repos\ProgrammingLabs1\C_Plus_Plus_Projects--2-4.1\SolverEulerMethod.h(6,1): error C2504: FarmSolvers: не определен базовый класс
C:\Users\.asind\source\repos\ProgrammingLabs1\C_Plus_Plus_Projects--2-4.1\SolverMethodHoina.h(7,1): error C2504: FarmSolvers: не определен базовый класс
C:\Users\.asind\source\repos\ProgrammingLabs1\C_Plus_Plus_Projects--2-4.1\FarmSolvers.cpp(7,34): error C2039: "GetName": не является членом "SolverEulerMethod".
C:\Users\.asind\source\repos\ProgrammingLabs1\C_Plus_Plus_Projects--2-4.1\SolverEulerMethod.h(5): message : см. объявление "SolverEulerMethod"
C:\Users\.asind\source\repos\ProgrammingLabs1\C_Plus_Plus_Projects--2-4.1\FarmSolvers.cpp(11,34): error C2039: "GetName": не является членом "SolverMethodHoina".
C:\Users\.asind\source\repos\ProgrammingLabs1\C_Plus_Plus_Projects--2-4.1\SolverMethodHoina.h(6): message : см. объявление "SolverMethodHoina"
C:\Users\.asind\source\repos\ProgrammingLabs1\C_Plus_Plus_Projects--2-4.1\FarmSolvers.cpp(18,41): error C2440: инициализация: невозможно преобразовать "initializer list" в "SolverEulerMethod"
C:\Users\.asind\source\repos\ProgrammingLabs1\C_Plus_Plus_Projects--2-4.1\FarmSolvers.cpp(18,41): message : Ни один конструктор не смог принять исходный тип, либо разрешение перегрузки конструктора неоднозначно
C:\Users\.asind\source\repos\ProgrammingLabs1\C_Plus_Plus_Projects--2-4.1\FarmSolvers.cpp(25,41): error C2440: инициализация: невозможно преобразовать "initializer list" в "SolverMethodHoina"
C:\Users\.asind\source\repos\ProgrammingLabs1\C_Plus_Plus_Projects--2-4.1\FarmSolvers.cpp(25,41): message : Ни один конструктор не смог принять исходный тип, либо разрешение перегрузки конструктора неоднозначно
C:\Users\.asind\source\repos\ProgrammingLabs1\C_Plus_Plus_Projects--2-4.1\FarmSolvers.cpp(44,34): error C2039: "GetName": не является членом "SolverEulerMethod".
C:\Users\.asind\source\repos\ProgrammingLabs1\C_Plus_Plus_Projects--2-4.1\SolverEulerMethod.h(5): message : см. объявление "SolverEulerMethod"
C:\Users\.asind\source\repos\ProgrammingLabs1\C_Plus_Plus_Projects--2-4.1\FarmSolvers.cpp(45,38): error C2039: "GetPoints": не является членом "SolverEulerMethod".
C:\Users\.asind\source\repos\ProgrammingLabs1\C_Plus_Plus_Projects--2-4.1\SolverEulerMethod.h(5): message : см. объявление "SolverEulerMethod"
C:\Users\.asind\source\repos\ProgrammingLabs1\C_Plus_Plus_Projects--2-4.1\FarmSolvers.cpp(48,34): error C2039: "GetName": не является членом "SolverMethodHoina".
C:\Users\.asind\source\repos\ProgrammingLabs1\C_Plus_Plus_Projects--2-4.1\SolverMethodHoina.h(6): message : см. объявление "SolverMethodHoina"
C:\Users\.asind\source\repos\ProgrammingLabs1\C_Plus_Plus_Projects--2-4.1\FarmSolvers.cpp(49,38): error C2039: "GetPoints": не является членом "SolverMethodHoina".
C:\Users\.asind\source\repos\ProgrammingLabs1\C_Plus_Plus_Projects--2-4.1\SolverMethodHoina.h(6): message : см. объявление "SolverMethodHoina"
  SolverEulerMethod.cpp
C:\Users\.asind\source\repos\ProgrammingLabs1\C_Plus_Plus_Projects--2-4.1\SolverMethodHoina.h(7,1): error C2504: FarmSolvers: не определен базовый класс
C:\Users\.asind\source\repos\ProgrammingLabs1\C_Plus_Plus_Projects--2-4.1\FarmSolvers.h(35,15): error C2065: SolverEulerMethod: необъявленный идентификатор
C:\Users\.asind\source\repos\ProgrammingLabs1\C_Plus_Plus_Projects--2-4.1\FarmSolvers.h(35,7): error C2923: std::vector: "SolverEulerMethod" не является допустимым аргументом типа шаблон для параметра "_Ty"
C:\Users\.asind\source\repos\ProgrammingLabs1\C_Plus_Plus_Projects--2-4.1\FarmSolvers.h(35): message : см. объявление "SolverEulerMethod"
C:\Users\.asind\source\repos\ProgrammingLabs1\C_Plus_Plus_Projects--2-4.1\FarmSolvers.h(35,7): error C2976: std::vector: слишком мало аргументов шаблон
X:\Program Files\Microsoft Visual Studio\2022\Professional\VC\Tools\MSVC\14.33.31629\include\vector(496): message : см. объявление "std::vector"
C:\Users\.asind\source\repos\ProgrammingLabs1\C_Plus_Plus_Projects--2-4.1\FarmSolvers.h(11,13): error C2512: std::vector: нет подходящего конструктора по умолчанию
X:\Program Files\Microsoft Visual Studio\2022\Professional\VC\Tools\MSVC\14.33.31629\include\vector(496,1): message : см. объявление "std::vector"
  SolverMethodHoina.cpp
C:\Users\.asind\source\repos\ProgrammingLabs1\C_Plus_Plus_Projects--2-4.1\SolverEulerMethod.h(6,1): error C2504: FarmSolvers: не определен базовый класс
C:\Users\.asind\source\repos\ProgrammingLabs1\C_Plus_Plus_Projects--2-4.1\FarmSolvers.h(36,15): error C2065: SolverMethodHoina: необъявленный идентификатор
C:\Users\.asind\source\repos\ProgrammingLabs1\C_Plus_Plus_Projects--2-4.1\FarmSolvers.h(36,7): error C2923: std::vector: "SolverMethodHoina" не является допустимым аргументом типа шаблон для параметра "_Ty"
C:\Users\.asind\source\repos\ProgrammingLabs1\C_Plus_Plus_Projects--2-4.1\FarmSolvers.h(36): message : см. объявление "SolverMethodHoina"
C:\Users\.asind\source\repos\ProgrammingLabs1\C_Plus_Plus_Projects--2-4.1\FarmSolvers.h(36,7): error C2976: std::vector: слишком мало аргументов шаблон
X:\Program Files\Microsoft Visual Studio\2022\Professional\VC\Tools\MSVC\14.33.31629\include\vector(496): message : см. объявление "std::vector"
C:\Users\.asind\source\repos\ProgrammingLabs1\C_Plus_Plus_Projects--2-4.1\FarmSolvers.h(11,13): error C2512: std::vector: нет подходящего конструктора по умолчанию
X:\Program Files\Microsoft Visual Studio\2022\Professional\VC\Tools\MSVC\14.33.31629\include\vector(496,1): message : см. объявление "std::vector"
  TaskKoshi.cpp
  семак2Лаба4Наследование.cpp
C:\Users\.asind\source\repos\ProgrammingLabs1\C_Plus_Plus_Projects--2-4.1\SolverMethodHoina.h(7,1): error C2504: FarmSolvers: не определен базовый класс
C:\Users\.asind\source\repos\ProgrammingLabs1\C_Plus_Plus_Projects--2-4.1\FarmSolvers.h(35,15): error C2065: SolverEulerMethod: необъявленный идентификатор
C:\Users\.asind\source\repos\ProgrammingLabs1\C_Plus_Plus_Projects--2-4.1\FarmSolvers.h(35,7): error C2923: std::vector: "SolverEulerMethod" не является допустимым аргументом типа шаблон для параметра "_Ty"
C:\Users\.asind\source\repos\ProgrammingLabs1\C_Plus_Plus_Projects--2-4.1\FarmSolvers.h(35): message : см. объявление "SolverEulerMethod"
C:\Users\.asind\source\repos\ProgrammingLabs1\C_Plus_Plus_Projects--2-4.1\FarmSolvers.h(35,7): error C2976: std::vector: слишком мало аргументов шаблон
X:\Program Files\Microsoft Visual Studio\2022\Professional\VC\Tools\MSVC\14.33.31629\include\vector(496): message : см. объявление "std::vector"
C:\Users\.asind\source\repos\ProgrammingLabs1\C_Plus_Plus_Projects--2-4.1\FarmSolvers.h(11,13): error C2512: std::vector: нет подходящего конструктора по умолчанию
X:\Program Files\Microsoft Visual Studio\2022\Professional\VC\Tools\MSVC\14.33.31629\include\vector(496,1): message : см. объявление "std::vector"
C:\Users\.asind\source\repos\ProgrammingLabs1\C_Plus_Plus_Projects--2-4.1\семак2Лаба4Наследование.cpp(80,44): warning C4244: =: преобразование "double" в "unsigned int", возможна потеря данных
C:\Users\.asind\source\repos\ProgrammingLabs1\C_Plus_Plus_Projects--2-4.1\семак2Лаба4Наследование.cpp(239,37): warning C4244: =: преобразование "double" в "int", возможна потеря данных
  Создание кода...
